This is pdfTeX, Version 3.1415926-2.5-1.40.14 (TeX Live 2013/Debian) (format=pdflatex 2015.11.19)  7 DEC 2015 01:33
entering extended mode
 restricted \write18 enabled.
 %&-line parsing enabled.
**\input Report.tex
(./Report.tex (/usr/share/texlive/texmf-dist/tex/latex/koma-script/scrartcl.cls
Document Class: scrartcl 2013/12/19 v3.12 KOMA-Script document class (article)
(/usr/share/texlive/texmf-dist/tex/latex/koma-script/scrkbase.sty
Package: scrkbase 2013/12/19 v3.12 KOMA-Script package (KOMA-Script-dependent b
asics and keyval usage)

(/usr/share/texlive/texmf-dist/tex/latex/koma-script/scrbase.sty
Package: scrbase 2013/12/19 v3.12 KOMA-Script package (KOMA-Script-independent 
basics and keyval usage)

(/usr/share/texlive/texmf-dist/tex/latex/graphics/keyval.sty
Package: keyval 1999/03/16 v1.13 key=value parser (DPC)
\KV@toks@=\toks14
)
(/usr/share/texlive/texmf-dist/tex/latex/koma-script/scrlfile.sty
Package: scrlfile 2013/12/19 v3.12 KOMA-Script package (loading files)

Package scrlfile, 2013/12/19 v3.12 KOMA-Script package (loading files)
                  Copyright (C) Markus Kohm

))) (/usr/share/texlive/texmf-dist/tex/latex/koma-script/tocbasic.sty
Package: tocbasic 2013/12/19 v3.12 KOMA-Script package (handling toc-files)
)
Package tocbasic Info: omitting babel extension for `toc'
(tocbasic)             because of feature `nobabel' available
(tocbasic)             for `toc' on input line 115.
Package tocbasic Info: omitting babel extension for `lof'
(tocbasic)             because of feature `nobabel' available
(tocbasic)             for `lof' on input line 116.
Package tocbasic Info: omitting babel extension for `lot'
(tocbasic)             because of feature `nobabel' available
(tocbasic)             for `lot' on input line 117.
Class scrartcl Info: File `scrsize11pt.clo' used instead of
(scrartcl)           file `scrsize11.clo' to setup font sizes on input line 153
1.

(/usr/share/texlive/texmf-dist/tex/latex/koma-script/scrsize11pt.clo
File: scrsize11pt.clo 2013/12/19 v3.12 KOMA-Script font size class option (11pt
)
)
(/usr/share/texlive/texmf-dist/tex/latex/koma-script/typearea.sty
Package: typearea 2013/12/19 v3.12 KOMA-Script package (type area)

Package typearea, 2013/12/19 v3.12 KOMA-Script package (type area)
                  Copyright (C) Frank Neukam, 1992-1994
                  Copyright (C) Markus Kohm, 1994-

\ta@bcor=\skip41
\ta@div=\count79
Package typearea Info: You've used standard option `a4paper'.
(typearea)             This is correct!
(typearea)             Internally I'm using `paper=a4'.
(typearea)             If you'd like to set the option with \KOMAoptions,
(typearea)             you'd have to use `paper=a4' there
(typearea)             instead of `a4paper', too.
\ta@hblk=\skip42
\ta@vblk=\skip43
\ta@temp=\skip44
\footheight=\skip45
Package typearea Info: These are the values describing the layout:
(typearea)             DIV  = 12
(typearea)             BCOR = 0.0pt
(typearea)             \paperwidth      = 597.50793pt
(typearea)              \textwidth      = 448.13095pt
(typearea)              DIV departure   = -14%
(typearea)              \evensidemargin = 2.4185pt
(typearea)              \oddsidemargin  = 2.4185pt
(typearea)             \paperheight     = 845.04694pt
(typearea)              \textheight     = 636.60028pt
(typearea)              \topmargin      = -39.24942pt
(typearea)              \headheight     = 17.0pt
(typearea)              \headsep        = 20.40001pt
(typearea)              \topskip        = 11.0pt
(typearea)              \footskip       = 47.6pt
(typearea)              \baselineskip   = 13.6pt
(typearea)              on input line 1330.
)
\c@part=\count80
\c@section=\count81
\c@subsection=\count82
\c@subsubsection=\count83
\c@paragraph=\count84
\c@subparagraph=\count85
\abovecaptionskip=\skip46
\belowcaptionskip=\skip47
\c@pti@nb@sid@b@x=\box26
\c@figure=\count86
\c@table=\count87
\bibindent=\dimen102
)
\@input{preamble.aux}
\openout2 = `preamble.aux'.

(./preamble.tex (/usr/share/texlive/texmf-dist/tex/latex/graphics/graphicx.sty
Package: graphicx 1999/02/16 v1.0f Enhanced LaTeX Graphics (DPC,SPQR)

(/usr/share/texlive/texmf-dist/tex/latex/graphics/graphics.sty
Package: graphics 2009/02/05 v1.0o Standard LaTeX Graphics (DPC,SPQR)

(/usr/share/texlive/texmf-dist/tex/latex/graphics/trig.sty
Package: trig 1999/03/16 v1.09 sin cos tan (DPC)
)
(/usr/share/texlive/texmf-dist/tex/latex/latexconfig/graphics.cfg
File: graphics.cfg 2010/04/23 v1.9 graphics configuration of TeX Live
)
Package graphics Info: Driver file: pdftex.def on input line 91.

(/usr/share/texlive/texmf-dist/tex/latex/pdftex-def/pdftex.def
File: pdftex.def 2011/05/27 v0.06d Graphics/color for pdfTeX

(/usr/share/texlive/texmf-dist/tex/generic/oberdiek/infwarerr.sty
Package: infwarerr 2010/04/08 v1.3 Providing info/warning/error messages (HO)
)
(/usr/share/texlive/texmf-dist/tex/generic/oberdiek/ltxcmds.sty
Package: ltxcmds 2011/11/09 v1.22 LaTeX kernel commands for general use (HO)
)
\Gread@gobject=\count88
))
\Gin@req@height=\dimen103
\Gin@req@width=\dimen104
)
(/usr/share/texlive/texmf-dist/tex/latex/base/inputenc.sty
Package: inputenc 2008/03/30 v1.1d Input encoding file
\inpenc@prehook=\toks15
\inpenc@posthook=\toks16

(/usr/share/texlive/texmf-dist/tex/latex/base/utf8.def
File: utf8.def 2008/04/05 v1.1m UTF-8 support for inputenc
Now handling font encoding OML ...
... no UTF-8 mapping file for font encoding OML
Now handling font encoding T1 ...
... processing UTF-8 mapping file for font encoding T1

(/usr/share/texlive/texmf-dist/tex/latex/base/t1enc.dfu
File: t1enc.dfu 2008/04/05 v1.1m UTF-8 support for inputenc
   defining Unicode char U+00A1 (decimal 161)
   defining Unicode char U+00A3 (decimal 163)
   defining Unicode char U+00AB (decimal 171)
   defining Unicode char U+00BB (decimal 187)
   defining Unicode char U+00BF (decimal 191)
   defining Unicode char U+00C0 (decimal 192)
   defining Unicode char U+00C1 (decimal 193)
   defining Unicode char U+00C2 (decimal 194)
   defining Unicode char U+00C3 (decimal 195)
   defining Unicode char U+00C4 (decimal 196)
   defining Unicode char U+00C5 (decimal 197)
   defining Unicode char U+00C6 (decimal 198)
   defining Unicode char U+00C7 (decimal 199)
   defining Unicode char U+00C8 (decimal 200)
   defining Unicode char U+00C9 (decimal 201)
   defining Unicode char U+00CA (decimal 202)
   defining Unicode char U+00CB (decimal 203)
   defining Unicode char U+00CC (decimal 204)
   defining Unicode char U+00CD (decimal 205)
   defining Unicode char U+00CE (decimal 206)
   defining Unicode char U+00CF (decimal 207)
   defining Unicode char U+00D0 (decimal 208)
   defining Unicode char U+00D1 (decimal 209)
   defining Unicode char U+00D2 (decimal 210)
   defining Unicode char U+00D3 (decimal 211)
   defining Unicode char U+00D4 (decimal 212)
   defining Unicode char U+00D5 (decimal 213)
   defining Unicode char U+00D6 (decimal 214)
   defining Unicode char U+00D8 (decimal 216)
   defining Unicode char U+00D9 (decimal 217)
   defining Unicode char U+00DA (decimal 218)
   defining Unicode char U+00DB (decimal 219)
   defining Unicode char U+00DC (decimal 220)
   defining Unicode char U+00DD (decimal 221)
   defining Unicode char U+00DE (decimal 222)
   defining Unicode char U+00DF (decimal 223)
   defining Unicode char U+00E0 (decimal 224)
   defining Unicode char U+00E1 (decimal 225)
   defining Unicode char U+00E2 (decimal 226)
   defining Unicode char U+00E3 (decimal 227)
   defining Unicode char U+00E4 (decimal 228)
   defining Unicode char U+00E5 (decimal 229)
   defining Unicode char U+00E6 (decimal 230)
   defining Unicode char U+00E7 (decimal 231)
   defining Unicode char U+00E8 (decimal 232)
   defining Unicode char U+00E9 (decimal 233)
   defining Unicode char U+00EA (decimal 234)
   defining Unicode char U+00EB (decimal 235)
   defining Unicode char U+00EC (decimal 236)
   defining Unicode char U+00ED (decimal 237)
   defining Unicode char U+00EE (decimal 238)
   defining Unicode char U+00EF (decimal 239)
   defining Unicode char U+00F0 (decimal 240)
   defining Unicode char U+00F1 (decimal 241)
   defining Unicode char U+00F2 (decimal 242)
   defining Unicode char U+00F3 (decimal 243)
   defining Unicode char U+00F4 (decimal 244)
   defining Unicode char U+00F5 (decimal 245)
   defining Unicode char U+00F6 (decimal 246)
   defining Unicode char U+00F8 (decimal 248)
   defining Unicode char U+00F9 (decimal 249)
   defining Unicode char U+00FA (decimal 250)
   defining Unicode char U+00FB (decimal 251)
   defining Unicode char U+00FC (decimal 252)
   defining Unicode char U+00FD (decimal 253)
   defining Unicode char U+00FE (decimal 254)
   defining Unicode char U+00FF (decimal 255)
   defining Unicode char U+0102 (decimal 258)
   defining Unicode char U+0103 (decimal 259)
   defining Unicode char U+0104 (decimal 260)
   defining Unicode char U+0105 (decimal 261)
   defining Unicode char U+0106 (decimal 262)
   defining Unicode char U+0107 (decimal 263)
   defining Unicode char U+010C (decimal 268)
   defining Unicode char U+010D (decimal 269)
   defining Unicode char U+010E (decimal 270)
   defining Unicode char U+010F (decimal 271)
   defining Unicode char U+0110 (decimal 272)
   defining Unicode char U+0111 (decimal 273)
   defining Unicode char U+0118 (decimal 280)
   defining Unicode char U+0119 (decimal 281)
   defining Unicode char U+011A (decimal 282)
   defining Unicode char U+011B (decimal 283)
   defining Unicode char U+011E (decimal 286)
   defining Unicode char U+011F (decimal 287)
   defining Unicode char U+0130 (decimal 304)
   defining Unicode char U+0131 (decimal 305)
   defining Unicode char U+0132 (decimal 306)
   defining Unicode char U+0133 (decimal 307)
   defining Unicode char U+0139 (decimal 313)
   defining Unicode char U+013A (decimal 314)
   defining Unicode char U+013D (decimal 317)
   defining Unicode char U+013E (decimal 318)
   defining Unicode char U+0141 (decimal 321)
   defining Unicode char U+0142 (decimal 322)
   defining Unicode char U+0143 (decimal 323)
   defining Unicode char U+0144 (decimal 324)
   defining Unicode char U+0147 (decimal 327)
   defining Unicode char U+0148 (decimal 328)
   defining Unicode char U+014A (decimal 330)
   defining Unicode char U+014B (decimal 331)
   defining Unicode char U+0150 (decimal 336)
   defining Unicode char U+0151 (decimal 337)
   defining Unicode char U+0152 (decimal 338)
   defining Unicode char U+0153 (decimal 339)
   defining Unicode char U+0154 (decimal 340)
   defining Unicode char U+0155 (decimal 341)
   defining Unicode char U+0158 (decimal 344)
   defining Unicode char U+0159 (decimal 345)
   defining Unicode char U+015A (decimal 346)
   defining Unicode char U+015B (decimal 347)
   defining Unicode char U+015E (decimal 350)
   defining Unicode char U+015F (decimal 351)
   defining Unicode char U+0160 (decimal 352)
   defining Unicode char U+0161 (decimal 353)
   defining Unicode char U+0162 (decimal 354)
   defining Unicode char U+0163 (decimal 355)
   defining Unicode char U+0164 (decimal 356)
   defining Unicode char U+0165 (decimal 357)
   defining Unicode char U+016E (decimal 366)
   defining Unicode char U+016F (decimal 367)
   defining Unicode char U+0170 (decimal 368)
   defining Unicode char U+0171 (decimal 369)
   defining Unicode char U+0178 (decimal 376)
   defining Unicode char U+0179 (decimal 377)
   defining Unicode char U+017A (decimal 378)
   defining Unicode char U+017B (decimal 379)
   defining Unicode char U+017C (decimal 380)
   defining Unicode char U+017D (decimal 381)
   defining Unicode char U+017E (decimal 382)
   defining Unicode char U+200C (decimal 8204)
   defining Unicode char U+2013 (decimal 8211)
   defining Unicode char U+2014 (decimal 8212)
   defining Unicode char U+2018 (decimal 8216)
   defining Unicode char U+2019 (decimal 8217)
   defining Unicode char U+201A (decimal 8218)
   defining Unicode char U+201C (decimal 8220)
   defining Unicode char U+201D (decimal 8221)
   defining Unicode char U+201E (decimal 8222)
   defining Unicode char U+2030 (decimal 8240)
   defining Unicode char U+2031 (decimal 8241)
   defining Unicode char U+2039 (decimal 8249)
   defining Unicode char U+203A (decimal 8250)
   defining Unicode char U+2423 (decimal 9251)
)
Now handling font encoding OT1 ...
... processing UTF-8 mapping file for font encoding OT1

(/usr/share/texlive/texmf-dist/tex/latex/base/ot1enc.dfu
File: ot1enc.dfu 2008/04/05 v1.1m UTF-8 support for inputenc
   defining Unicode char U+00A1 (decimal 161)
   defining Unicode char U+00A3 (decimal 163)
   defining Unicode char U+00B8 (decimal 184)
   defining Unicode char U+00BF (decimal 191)
   defining Unicode char U+00C5 (decimal 197)
   defining Unicode char U+00C6 (decimal 198)
   defining Unicode char U+00D8 (decimal 216)
   defining Unicode char U+00DF (decimal 223)
   defining Unicode char U+00E6 (decimal 230)
   defining Unicode char U+00EC (decimal 236)
   defining Unicode char U+00ED (decimal 237)
   defining Unicode char U+00EE (decimal 238)
   defining Unicode char U+00EF (decimal 239)
   defining Unicode char U+00F8 (decimal 248)
   defining Unicode char U+0131 (decimal 305)
   defining Unicode char U+0141 (decimal 321)
   defining Unicode char U+0142 (decimal 322)
   defining Unicode char U+0152 (decimal 338)
   defining Unicode char U+0153 (decimal 339)
   defining Unicode char U+2013 (decimal 8211)
   defining Unicode char U+2014 (decimal 8212)
   defining Unicode char U+2018 (decimal 8216)
   defining Unicode char U+2019 (decimal 8217)
   defining Unicode char U+201C (decimal 8220)
   defining Unicode char U+201D (decimal 8221)
)
Now handling font encoding OMS ...
... processing UTF-8 mapping file for font encoding OMS

(/usr/share/texlive/texmf-dist/tex/latex/base/omsenc.dfu
File: omsenc.dfu 2008/04/05 v1.1m UTF-8 support for inputenc
   defining Unicode char U+00A7 (decimal 167)
   defining Unicode char U+00B6 (decimal 182)
   defining Unicode char U+00B7 (decimal 183)
   defining Unicode char U+2020 (decimal 8224)
   defining Unicode char U+2021 (decimal 8225)
   defining Unicode char U+2022 (decimal 8226)
)
Now handling font encoding OMX ...
... no UTF-8 mapping file for font encoding OMX
Now handling font encoding U ...
... no UTF-8 mapping file for font encoding U
   defining Unicode char U+00A9 (decimal 169)
   defining Unicode char U+00AA (decimal 170)
   defining Unicode char U+00AE (decimal 174)
   defining Unicode char U+00BA (decimal 186)
   defining Unicode char U+02C6 (decimal 710)
   defining Unicode char U+02DC (decimal 732)
   defining Unicode char U+200C (decimal 8204)
   defining Unicode char U+2026 (decimal 8230)
   defining Unicode char U+2122 (decimal 8482)
   defining Unicode char U+2423 (decimal 9251)
))
(/usr/share/texlive/texmf-dist/tex/latex/listings/listings.sty
\lst@mode=\count89
\lst@gtempboxa=\box27
\lst@token=\toks17
\lst@length=\count90
\lst@currlwidth=\dimen105
\lst@column=\count91
\lst@pos=\count92
\lst@lostspace=\dimen106
\lst@width=\dimen107
\lst@newlines=\count93
\lst@lineno=\count94
\lst@maxwidth=\dimen108

(/usr/share/texlive/texmf-dist/tex/latex/listings/lstmisc.sty
File: lstmisc.sty 2013/08/26 1.5b (Carsten Heinz)
\c@lstnumber=\count95
\lst@skipnumbers=\count96
\lst@framebox=\box28
)
(/usr/share/texlive/texmf-dist/tex/latex/listings/listings.cfg
File: listings.cfg 2013/08/26 1.5b listings configuration
))
Package: listings 2013/08/26 1.5b (Carsten Heinz)

(/usr/share/texlive/texmf-dist/tex/latex/caption/caption.sty
Package: caption 2013/05/02 v3.3-89 Customizing captions (AR)

(/usr/share/texlive/texmf-dist/tex/latex/caption/caption3.sty
Package: caption3 2013/05/02 v1.6-88 caption3 kernel (AR)
Package caption3 Info: TeX engine: e-TeX on input line 57.
\captionmargin=\dimen109
\captionmargin@=\dimen110
\captionwidth=\dimen111
\caption@tempdima=\dimen112
\caption@indent=\dimen113
\caption@parindent=\dimen114
\caption@hangindent=\dimen115
)
Package caption Info: KOMA-Script document class.
\c@ContinuedFloat=\count97
Package caption Info: listings package is loaded.
)
(/usr/share/texlive/texmf-dist/tex/latex/caption/subcaption.sty
Package: subcaption 2013/02/03 v1.1-62 Sub-captions (AR)
\c@subfigure=\count98
\c@subtable=\count99
))
(/usr/share/texlive/texmf-dist/tex/latex/graphics/color.sty
Package: color 2005/11/14 v1.0j Standard LaTeX Color (DPC)

(/usr/share/texlive/texmf-dist/tex/latex/latexconfig/color.cfg
File: color.cfg 2007/01/18 v1.5 color configuration of teTeX/TeXLive
)
Package color Info: Driver file: pdftex.def on input line 130.
) (./Report.aux

LaTeX Warning: Label `fig:median_depth' multiply defined.


LaTeX Warning: Label `fig:bilateral_depth' multiply defined.

)
\openout1 = `Report.aux'.

LaTeX Font Info:    Checking defaults for OML/cmm/m/it on input line 10.
LaTeX Font Info:    ... okay on input line 10.
LaTeX Font Info:    Checking defaults for T1/cmr/m/n on input line 10.
LaTeX Font Info:    ... okay on input line 10.
LaTeX Font Info:    Checking defaults for OT1/cmr/m/n on input line 10.
LaTeX Font Info:    ... okay on input line 10.
LaTeX Font Info:    Checking defaults for OMS/cmsy/m/n on input line 10.
LaTeX Font Info:    ... okay on input line 10.
LaTeX Font Info:    Checking defaults for OMX/cmex/m/n on input line 10.
LaTeX Font Info:    ... okay on input line 10.
LaTeX Font Info:    Checking defaults for U/cmr/m/n on input line 10.
LaTeX Font Info:    ... okay on input line 10.
 (/usr/share/texlive/texmf-dist/tex/context/base/supp-pdf.mkii
[Loading MPS to PDF converter (version 2006.09.02).]
\scratchcounter=\count100
\scratchdimen=\dimen116
\scratchbox=\box29
\nofMPsegments=\count101
\nofMParguments=\count102
\everyMPshowfont=\toks18
\MPscratchCnt=\count103
\MPscratchDim=\dimen117
\MPnumerator=\count104
\makeMPintoPDFobject=\count105
\everyMPtoPDFconversion=\toks19
) (/usr/share/texlive/texmf-dist/tex/generic/oberdiek/pdftexcmds.sty
Package: pdftexcmds 2011/11/29 v0.20 Utility functions of pdfTeX for LuaTeX (HO
)

(/usr/share/texlive/texmf-dist/tex/generic/oberdiek/ifluatex.sty
Package: ifluatex 2010/03/01 v1.3 Provides the ifluatex switch (HO)
Package ifluatex Info: LuaTeX not detected.
)
(/usr/share/texlive/texmf-dist/tex/generic/oberdiek/ifpdf.sty
Package: ifpdf 2011/01/30 v2.3 Provides the ifpdf switch (HO)
Package ifpdf Info: pdfTeX in PDF mode is detected.
)
Package pdftexcmds Info: LuaTeX not detected.
Package pdftexcmds Info: \pdf@primitive is available.
Package pdftexcmds Info: \pdf@ifprimitive is available.
Package pdftexcmds Info: \pdfdraftmode found.
)
(/usr/share/texlive/texmf-dist/tex/latex/oberdiek/epstopdf-base.sty
Package: epstopdf-base 2010/02/09 v2.5 Base part for package epstopdf

(/usr/share/texlive/texmf-dist/tex/latex/oberdiek/grfext.sty
Package: grfext 2010/08/19 v1.1 Manage graphics extensions (HO)

(/usr/share/texlive/texmf-dist/tex/generic/oberdiek/kvdefinekeys.sty
Package: kvdefinekeys 2011/04/07 v1.3 Define keys (HO)
))
(/usr/share/texlive/texmf-dist/tex/latex/oberdiek/kvoptions.sty
Package: kvoptions 2011/06/30 v3.11 Key value format for package options (HO)

(/usr/share/texlive/texmf-dist/tex/generic/oberdiek/kvsetkeys.sty
Package: kvsetkeys 2012/04/25 v1.16 Key value parser (HO)

(/usr/share/texlive/texmf-dist/tex/generic/oberdiek/etexcmds.sty
Package: etexcmds 2011/02/16 v1.5 Avoid name clashes with e-TeX commands (HO)
Package etexcmds Info: Could not find \expanded.
(etexcmds)             That can mean that you are not using pdfTeX 1.50 or
(etexcmds)             that some package has redefined \expanded.
(etexcmds)             In the latter case, load this package earlier.
)))
Package grfext Info: Graphics extension search list:
(grfext)             [.png,.pdf,.jpg,.mps,.jpeg,.jbig2,.jb2,.PNG,.PDF,.JPG,.JPE
G,.JBIG2,.JB2,.eps]
(grfext)             \AppendGraphicsExtensions on input line 452.

(/usr/share/texlive/texmf-dist/tex/latex/latexconfig/epstopdf-sys.cfg
File: epstopdf-sys.cfg 2010/07/13 v1.3 Configuration of (r)epstopdf for TeX Liv
e
))
\c@lstlisting=\count106
Package caption Info: Begin \AtBeginDocument code.
Package caption Info: End \AtBeginDocument code.
LaTeX Font Info:    External font `cmex10' loaded for size
(Font)              <14.4> on input line 12.
LaTeX Font Info:    External font `cmex10' loaded for size
(Font)              <7> on input line 12.
LaTeX Font Info:    Try loading font information for OMS+cmr on input line 23.

(/usr/share/texlive/texmf-dist/tex/latex/base/omscmr.fd
File: omscmr.fd 1999/05/25 v2.5h Standard LaTeX font definitions
)
LaTeX Font Info:    Font shape `OMS/cmr/m/n' in size <10.95> not available
(Font)              Font shape `OMS/cmsy/m/n' tried instead on input line 23.

<figures/TODO.png, id=1, 1337.99875pt x 1002.74625pt>
File: figures/TODO.png Graphic file (type png)
 <use figures/TODO.png>
Package pdftex.def Info: figures/TODO.png used on input line 33.
(pdftex.def)             Requested size: 358.50612pt x 268.67952pt.
File: figures/TODO.png Graphic file (type png)

<use figures/TODO.png>
Package pdftex.def Info: figures/TODO.png used on input line 40.
(pdftex.def)             Requested size: 358.50612pt x 268.67952pt.
File: figures/TODO.png Graphic file (type png)
 <use figures/TODO.png>
Package pdftex.def Info: figures/TODO.png used on input line 47.
(pdftex.def)             Requested size: 358.50612pt x 268.67952pt.
File: figures/TODO.png Graphic file (type png)
 <use figures/TODO.png>
Package pdftex.def Info: figures/TODO.png used on input line 58.
(pdftex.def)             Requested size: 358.50612pt x 268.67952pt.
 [1






{/var/lib/texmf/fonts/map/pdftex/updmap/pdftex.map}] [2 <./figures/TODO.png>]
File: figures/TODO.png Graphic file (type png)

<use figures/TODO.png>
Package pdftex.def Info: figures/TODO.png used on input line 65.
(pdftex.def)             Requested size: 358.50612pt x 268.67952pt.
 [3] [4]
Package epstopdf Info: Source file: <figures/mean_org_error.eps>
(epstopdf)                    date: 2015-12-07 00:53:34
(epstopdf)                    size: 17889 bytes
(epstopdf)             Output file: <figures/mean_org_error-eps-converted-to.pd
f>
(epstopdf)                    date: 2015-12-07 00:53:41
(epstopdf)                    size: 5139 bytes
(epstopdf)             Command: <repstopdf --outfile=figures/mean_org_error-eps
-converted-to.pdf figures/mean_org_error.eps>
(epstopdf)             \includegraphics on input line 81.
Package epstopdf Info: Output file is already uptodate.

<figures/mean_org_error-eps-converted-to.pdf, id=23, 505.89pt x 722.7pt>
File: figures/mean_org_error-eps-converted-to.pdf Graphic file (type pdf)

<use figures/mean_org_error-eps-converted-to.pdf>
Package pdftex.def Info: figures/mean_org_error-eps-converted-to.pdf used on in
put line 81.
(pdftex.def)             Requested size: 250.9528pt x 358.50612pt.
Package epstopdf Info: Source file: <figures/mean_org_variance.eps>
(epstopdf)                    date: 2015-12-07 00:53:34
(epstopdf)                    size: 17775 bytes
(epstopdf)             Output file: <figures/mean_org_variance-eps-converted-to
.pdf>
(epstopdf)                    date: 2015-12-07 00:53:42
(epstopdf)                    size: 5225 bytes
(epstopdf)             Command: <repstopdf --outfile=figures/mean_org_variance-
eps-converted-to.pdf figures/mean_org_variance.eps>
(epstopdf)             \includegraphics on input line 87.
Package epstopdf Info: Output file is already uptodate.

<figures/mean_org_variance-eps-converted-to.pdf, id=24, 505.89pt x 722.7pt>
File: figures/mean_org_variance-eps-converted-to.pdf Graphic file (type pdf)

<use figures/mean_org_variance-eps-converted-to.pdf>
Package pdftex.def Info: figures/mean_org_variance-eps-converted-to.pdf used on
 input line 87.
(pdftex.def)             Requested size: 250.9528pt x 358.50612pt.
Package epstopdf Info: Source file: <figures/geometric_example.eps>
(epstopdf)                    date: 2015-12-06 19:06:32
(epstopdf)                    size: 18473 bytes
(epstopdf)             Output file: <figures/geometric_example-eps-converted-to
.pdf>
(epstopdf)                    date: 2015-12-06 19:06:48
(epstopdf)                    size: 8250 bytes
(epstopdf)             Command: <repstopdf --outfile=figures/geometric_example-
eps-converted-to.pdf figures/geometric_example.eps>
(epstopdf)             \includegraphics on input line 96.
Package epstopdf Info: Output file is already uptodate.

<figures/geometric_example-eps-converted-to.pdf, id=25, 138.5175pt x 64.24pt>
File: figures/geometric_example-eps-converted-to.pdf Graphic file (type pdf)

<use figures/geometric_example-eps-converted-to.pdf>
Package pdftex.def Info: figures/geometric_example-eps-converted-to.pdf used on
 input line 96.
(pdftex.def)             Requested size: 179.24963pt x 83.13068pt.
LaTeX Font Info:    External font `cmex10' loaded for size
(Font)              <10.95> on input line 100.
LaTeX Font Info:    External font `cmex10' loaded for size
(Font)              <8> on input line 100.
LaTeX Font Info:    External font `cmex10' loaded for size
(Font)              <6> on input line 100.
 [5 <./figures/mean_org_error-eps-converted-to.pdf>]
<figures/depth_Original.png, id=35, 642.4pt x 481.8pt>
File: figures/depth_Original.png Graphic file (type png)

<use figures/depth_Original.png>
Package pdftex.def Info: figures/depth_Original.png used on input line 130.
(pdftex.def)             Requested size: 358.50612pt x 268.88719pt.

<figures/depth_GaussianBlur.png, id=36, 642.4pt x 481.8pt>
File: figures/depth_GaussianBlur.png Graphic file (type png)

<use figures/depth_GaussianBlur.png>
Package pdftex.def Info: figures/depth_GaussianBlur.png used on input line 141.

(pdftex.def)             Requested size: 201.65755pt x 151.23848pt.

<figures/depth_medianBlur.png, id=37, 642.4pt x 481.8pt>
File: figures/depth_medianBlur.png Graphic file (type png)

<use figures/depth_medianBlur.png>
Package pdftex.def Info: figures/depth_medianBlur.png used on input line 147.
(pdftex.def)             Requested size: 201.65755pt x 151.23848pt.
 [6 <./figures/mean_org_variance-eps-converted-to.pdf> <./figures/geometric_exa
mple-eps-converted-to.pdf>]
File: figures/depth_medianBlur.png Graphic file (type png)

<use figures/depth_medianBlur.png>
Package pdftex.def Info: figures/depth_medianBlur.png used on input line 158.
(pdftex.def)             Requested size: 201.65755pt x 151.23848pt.

<figures/depth_bilateral.png, id=48, 642.4pt x 481.8pt>
File: figures/depth_bilateral.png Graphic file (type png)

<use figures/depth_bilateral.png>
Package pdftex.def Info: figures/depth_bilateral.png used on input line 164.
(pdftex.def)             Requested size: 201.65755pt x 151.23848pt.
 [7 <./figures/depth_Original.png (PNG copy)> <./figures/depth_GaussianBlur.png
 (PNG copy)> <./figures/depth_medianBlur.png (PNG copy)>]
File: figures/depth_bilateral.png Graphic file (type png)
 <use figures/depth_bilateral.png>
Package pdftex.def Info: figures/depth_bilateral.png used on input line 176.
(pdftex.def)             Requested size: 201.65755pt x 151.23848pt.

<figures/depth_MovingMedianFilter.png, id=53, 642.4pt x 481.8pt>
File: figures/depth_MovingMedianFilter.png Graphic file (type png)

<use figures/depth_MovingMedianFilter.png>
Package pdftex.def Info: figures/depth_MovingMedianFilter.png used on input lin
e 182.
(pdftex.def)             Requested size: 201.65755pt x 151.23848pt.

<figures/depth_MovingMeanFilter.png, id=54, 642.4pt x 481.8pt>
File: figures/depth_MovingMeanFilter.png Graphic file (type png)

<use figures/depth_MovingMeanFilter.png>
Package pdftex.def Info: figures/depth_MovingMeanFilter.png used on input line 
193.
(pdftex.def)             Requested size: 224.06548pt x 168.04439pt.
 [8 <./figures/depth_bilateral.png (PNG copy)> <./figures/depth_MovingMedianFil
ter.png (PNG copy)>]
Package epstopdf Info: Source file: <figures/mean_gauss_error.eps>
(epstopdf)                    date: 2015-12-07 00:53:34
(epstopdf)                    size: 17893 bytes
(epstopdf)             Output file: <figures/mean_gauss_error-eps-converted-to.
pdf>
(epstopdf)                    date: 2015-12-07 00:53:42
(epstopdf)                    size: 5142 bytes
(epstopdf)             Command: <repstopdf --outfile=figures/mean_gauss_error-e
ps-converted-to.pdf figures/mean_gauss_error.eps>
(epstopdf)             \includegraphics on input line 218.
Package epstopdf Info: Output file is already uptodate.

<figures/mean_gauss_error-eps-converted-to.pdf, id=58, 505.89pt x 722.7pt>
File: figures/mean_gauss_error-eps-converted-to.pdf Graphic file (type pdf)

<use figures/mean_gauss_error-eps-converted-to.pdf>
Package pdftex.def Info: figures/mean_gauss_error-eps-converted-to.pdf used on 
input line 218.
(pdftex.def)             Requested size: 156.84743pt x 224.06548pt.
Package epstopdf Info: Source file: <figures/mean_gauss_variance.eps>
(epstopdf)                    date: 2015-12-07 00:53:34
(epstopdf)                    size: 18050 bytes
(epstopdf)             Output file: <figures/mean_gauss_variance-eps-converted-
to.pdf>
(epstopdf)                    date: 2015-12-07 00:53:42
(epstopdf)                    size: 5135 bytes
(epstopdf)             Command: <repstopdf --outfile=figures/mean_gauss_varianc
e-eps-converted-to.pdf figures/mean_gauss_variance.eps>
(epstopdf)             \includegraphics on input line 223.
Package epstopdf Info: Output file is already uptodate.

<figures/mean_gauss_variance-eps-converted-to.pdf, id=59, 505.89pt x 722.7pt>
File: figures/mean_gauss_variance-eps-converted-to.pdf Graphic file (type pdf)

<use figures/mean_gauss_variance-eps-converted-to.pdf>
Package pdftex.def Info: figures/mean_gauss_variance-eps-converted-to.pdf used 
on input line 223.
(pdftex.def)             Requested size: 156.84743pt x 224.06548pt.
Package epstopdf Info: Source file: <figures/mean_median_error.eps>
(epstopdf)                    date: 2015-12-07 00:53:34
(epstopdf)                    size: 17894 bytes
(epstopdf)             Output file: <figures/mean_median_error-eps-converted-to
.pdf>
(epstopdf)                    date: 2015-12-07 00:53:43
(epstopdf)                    size: 5145 bytes
(epstopdf)             Command: <repstopdf --outfile=figures/mean_median_error-
eps-converted-to.pdf figures/mean_median_error.eps>
(epstopdf)             \includegraphics on input line 234.
Package epstopdf Info: Output file is already uptodate.

<figures/mean_median_error-eps-converted-to.pdf, id=60, 505.89pt x 722.7pt>
File: figures/mean_median_error-eps-converted-to.pdf Graphic file (type pdf)

<use figures/mean_median_error-eps-converted-to.pdf>
Package pdftex.def Info: figures/mean_median_error-eps-converted-to.pdf used on
 input line 234.
(pdftex.def)             Requested size: 156.84743pt x 224.06548pt.
Package epstopdf Info: Source file: <figures/mean_median_variance.eps>
(epstopdf)                    date: 2015-12-07 00:53:34
(epstopdf)                    size: 17756 bytes
(epstopdf)             Output file: <figures/mean_median_variance-eps-converted
-to.pdf>
(epstopdf)                    date: 2015-12-07 00:53:43
(epstopdf)                    size: 5074 bytes
(epstopdf)             Command: <repstopdf --outfile=figures/mean_median_varian
ce-eps-converted-to.pdf figures/mean_median_variance.eps>
(epstopdf)             \includegraphics on input line 239.
Package epstopdf Info: Output file is already uptodate.

<figures/mean_median_variance-eps-converted-to.pdf, id=61, 505.89pt x 722.7pt>
File: figures/mean_median_variance-eps-converted-to.pdf Graphic file (type pdf)


<use figures/mean_median_variance-eps-converted-to.pdf>
Package pdftex.def Info: figures/mean_median_variance-eps-converted-to.pdf used
 on input line 239.
(pdftex.def)             Requested size: 156.84743pt x 224.06548pt.
Package epstopdf Info: Source file: <figures/mean_bilat_error.eps>
(epstopdf)                    date: 2015-12-07 00:53:34
(epstopdf)                    size: 17892 bytes
(epstopdf)             Output file: <figures/mean_bilat_error-eps-converted-to.
pdf>
(epstopdf)                    date: 2015-12-07 00:53:43
(epstopdf)                    size: 5139 bytes
(epstopdf)             Command: <repstopdf --outfile=figures/mean_bilat_error-e
ps-converted-to.pdf figures/mean_bilat_error.eps>
(epstopdf)             \includegraphics on input line 250.
Package epstopdf Info: Output file is already uptodate.

<figures/mean_bilat_error-eps-converted-to.pdf, id=62, 505.89pt x 722.7pt>
File: figures/mean_bilat_error-eps-converted-to.pdf Graphic file (type pdf)

<use figures/mean_bilat_error-eps-converted-to.pdf>
Package pdftex.def Info: figures/mean_bilat_error-eps-converted-to.pdf used on 
input line 250.
(pdftex.def)             Requested size: 156.84743pt x 224.06548pt.
Package epstopdf Info: Source file: <figures/mean_bilat_variance.eps>
(epstopdf)                    date: 2015-12-07 00:53:34
(epstopdf)                    size: 17975 bytes
(epstopdf)             Output file: <figures/mean_bilat_variance-eps-converted-
to.pdf>
(epstopdf)                    date: 2015-12-07 00:53:44
(epstopdf)                    size: 5124 bytes
(epstopdf)             Command: <repstopdf --outfile=figures/mean_bilat_varianc
e-eps-converted-to.pdf figures/mean_bilat_variance.eps>
(epstopdf)             \includegraphics on input line 255.
Package epstopdf Info: Output file is already uptodate.

<figures/mean_bilat_variance-eps-converted-to.pdf, id=63, 505.89pt x 722.7pt>
File: figures/mean_bilat_variance-eps-converted-to.pdf Graphic file (type pdf)

<use figures/mean_bilat_variance-eps-converted-to.pdf>
Package pdftex.def Info: figures/mean_bilat_variance-eps-converted-to.pdf used 
on input line 255.
(pdftex.def)             Requested size: 156.84743pt x 224.06548pt.
Package epstopdf Info: Source file: <figures/mean_median10_error.eps>
(epstopdf)                    date: 2015-12-07 00:53:34
(epstopdf)                    size: 17898 bytes
(epstopdf)             Output file: <figures/mean_median10_error-eps-converted-
to.pdf>
(epstopdf)                    date: 2015-12-07 00:53:45
(epstopdf)                    size: 5151 bytes
(epstopdf)             Command: <repstopdf --outfile=figures/mean_median10_erro
r-eps-converted-to.pdf figures/mean_median10_error.eps>
(epstopdf)             \includegraphics on input line 266.
Package epstopdf Info: Output file is already uptodate.

<figures/mean_median10_error-eps-converted-to.pdf, id=64, 505.89pt x 722.7pt>
File: figures/mean_median10_error-eps-converted-to.pdf Graphic file (type pdf)

<use figures/mean_median10_error-eps-converted-to.pdf>
Package pdftex.def Info: figures/mean_median10_error-eps-converted-to.pdf used 
on input line 266.
(pdftex.def)             Requested size: 156.84743pt x 224.06548pt.
Package epstopdf Info: Source file: <figures/mean_median10_variance.eps>
(epstopdf)                    date: 2015-12-07 00:53:34
(epstopdf)                    size: 17833 bytes
(epstopdf)             Output file: <figures/mean_median10_variance-eps-convert
ed-to.pdf>
(epstopdf)                    date: 2015-12-07 00:53:45
(epstopdf)                    size: 5239 bytes
(epstopdf)             Command: <repstopdf --outfile=figures/mean_median10_vari
ance-eps-converted-to.pdf figures/mean_median10_variance.eps>
(epstopdf)             \includegraphics on input line 271.
Package epstopdf Info: Output file is already uptodate.

<figures/mean_median10_variance-eps-converted-to.pdf, id=65, 505.89pt x 722.7pt
>
File: figures/mean_median10_variance-eps-converted-to.pdf Graphic file (type pd
f)
 <use figures/mean_median10_variance-eps-converted-to.pdf>
Package pdftex.def Info: figures/mean_median10_variance-eps-converted-to.pdf us
ed on input line 271.
(pdftex.def)             Requested size: 156.84743pt x 224.06548pt.
Package epstopdf Info: Source file: <figures/mean_mean10_error.eps>
(epstopdf)                    date: 2015-12-07 00:53:34
(epstopdf)                    size: 17895 bytes
(epstopdf)             Output file: <figures/mean_mean10_error-eps-converted-to
.pdf>
(epstopdf)                    date: 2015-12-07 00:53:44
(epstopdf)                    size: 5141 bytes
(epstopdf)             Command: <repstopdf --outfile=figures/mean_mean10_error-
eps-converted-to.pdf figures/mean_mean10_error.eps>
(epstopdf)             \includegraphics on input line 282.
Package epstopdf Info: Output file is already uptodate.

<figures/mean_mean10_error-eps-converted-to.pdf, id=66, 505.89pt x 722.7pt>
File: figures/mean_mean10_error-eps-converted-to.pdf Graphic file (type pdf)

<use figures/mean_mean10_error-eps-converted-to.pdf>
Package pdftex.def Info: figures/mean_mean10_error-eps-converted-to.pdf used on
 input line 282.
(pdftex.def)             Requested size: 156.84743pt x 224.06548pt.
Package epstopdf Info: Source file: <figures/mean_mean10_variance.eps>
(epstopdf)                    date: 2015-12-07 00:53:34
(epstopdf)                    size: 17757 bytes
(epstopdf)             Output file: <figures/mean_mean10_variance-eps-converted
-to.pdf>
(epstopdf)                    date: 2015-12-07 00:53:44
(epstopdf)                    size: 5076 bytes
(epstopdf)             Command: <repstopdf --outfile=figures/mean_mean10_varian
ce-eps-converted-to.pdf figures/mean_mean10_variance.eps>
(epstopdf)             \includegraphics on input line 287.
Package epstopdf Info: Output file is already uptodate.

<figures/mean_mean10_variance-eps-converted-to.pdf, id=67, 505.89pt x 722.7pt>
File: figures/mean_mean10_variance-eps-converted-to.pdf Graphic file (type pdf)


<use figures/mean_mean10_variance-eps-converted-to.pdf>
Package pdftex.def Info: figures/mean_mean10_variance-eps-converted-to.pdf used
 on input line 287.
(pdftex.def)             Requested size: 156.84743pt x 224.06548pt.
 [9 <./figures/depth_MovingMeanFilter.png (PNG copy)>] [10 <./figures/mean_gaus
s_error-eps-converted-to.pdf> <./figures/mean_gauss_variance-eps-converted-to.p
df> <./figures/mean_median_error-eps-converted-to.pdf> <./figures/mean_median_v
ariance-eps-converted-to.pdf> <./figures/mean_bilat_error-eps-converted-to.pdf>
 <./figures/mean_bilat_variance-eps-converted-to.pdf>] [11 <./figures/mean_medi
an10_error-eps-converted-to.pdf> <./figures/mean_median10_variance-eps-converte
d-to.pdf> <./figures/mean_mean10_error-eps-converted-to.pdf> <./figures/mean_me
an10_variance-eps-converted-to.pdf>] <figures/depth_Original_spice.png, id=127,
 642.4pt x 481.8pt>
File: figures/depth_Original_spice.png Graphic file (type png)

<use figures/depth_Original_spice.png>
Package pdftex.def Info: figures/depth_Original_spice.png used on input line 30
1.
(pdftex.def)             Requested size: 358.50612pt x 268.88719pt.

<figures/depth_GaussianBlur_spice.png, id=128, 642.4pt x 481.8pt>
File: figures/depth_GaussianBlur_spice.png Graphic file (type png)

<use figures/depth_GaussianBlur_spice.png>
Package pdftex.def Info: figures/depth_GaussianBlur_spice.png used on input lin
e 311.
(pdftex.def)             Requested size: 179.25305pt x 134.43991pt.

<figures/depth_medianBlur_spice.png, id=129, 642.4pt x 481.8pt>
File: figures/depth_medianBlur_spice.png Graphic file (type png)

<use figures/depth_medianBlur_spice.png>
Package pdftex.def Info: figures/depth_medianBlur_spice.png used on input line 
317.
(pdftex.def)             Requested size: 179.25305pt x 134.43991pt.

<figures/depth_bilateral_spice.png, id=130, 642.4pt x 481.8pt>
File: figures/depth_bilateral_spice.png Graphic file (type png)

<use figures/depth_bilateral_spice.png>
Package pdftex.def Info: figures/depth_bilateral_spice.png used on input line 3
32.
(pdftex.def)             Requested size: 179.25305pt x 134.43991pt.

<figures/depth_MovingMedianFilter_spice.png, id=131, 642.4pt x 481.8pt>
File: figures/depth_MovingMedianFilter_spice.png Graphic file (type png)

<use figures/depth_MovingMedianFilter_spice.png>
Package pdftex.def Info: figures/depth_MovingMedianFilter_spice.png used on inp
ut line 338.
(pdftex.def)             Requested size: 179.25305pt x 134.43991pt.
 [12 <./figures/depth_Original_spice.png (PNG copy)> <./figures/depth_GaussianB
lur_spice.png (PNG copy)> <./figures/depth_medianBlur_spice.png (PNG copy)>]
<figures/depth_MovingMeanFilter_spice.png, id=135, 642.4pt x 481.8pt>
File: figures/depth_MovingMeanFilter_spice.png Graphic file (type png)

<use figures/depth_MovingMeanFilter_spice.png>
Package pdftex.def Info: figures/depth_MovingMeanFilter_spice.png used on input
 line 349.
(pdftex.def)             Requested size: 224.06548pt x 168.04439pt.
 [13 <./figures/depth_bilateral_spice.png (PNG copy)> <./figures/depth_MovingMe
dianFilter_spice.png (PNG copy)> <./figures/depth_MovingMeanFilter_spice.png (P
NG copy)>] (./Report.aux)

LaTeX Warning: There were multiply-defined labels.

 ) 
Here is how much of TeX's memory you used:
 5595 strings out of 494953
 90564 string characters out of 6178088
 191427 words of memory out of 5000000
 8748 multiletter control sequences out of 15000+600000
 9235 words of font info for 33 fonts, out of 8000000 for 9000
 14 hyphenation exceptions out of 8191
 47i,10n,51p,475b,491s stack positions out of 5000i,500n,10000p,200000b,80000s
</usr/share/texlive/texmf-dist/fonts/type1/public/amsfonts/cm/cmmi10.pfb></us
r/share/texlive/texmf-dist/fonts/type1/public/amsfonts/cm/cmr10.pfb></usr/share
/texlive/texmf-dist/fonts/type1/public/amsfonts/cm/cmr12.pfb></usr/share/texliv
e/texmf-dist/fonts/type1/public/amsfonts/cm/cmssbx10.pfb></usr/share/texlive/te
xmf-dist/fonts/type1/public/amsfonts/cm/cmsy10.pfb></usr/share/texlive/texmf-di
st/fonts/type1/public/amsfonts/cm/cmtt10.pfb>
Output written on Report.pdf (13 pages, 1713998 bytes).
PDF statistics:
 161 PDF objects out of 1000 (max. 8388607)
 100 compressed objects within 1 object stream
 0 named destinations out of 1000 (max. 500000)
 131 words of extra memory for PDF output out of 10000 (max. 10000000)

